2025-11-11 03:35:51,159 - __main__ - INFO - 
ğŸŒŸğŸŒŸğŸŒŸğŸŒŸğŸŒŸğŸŒŸğŸŒŸğŸŒŸğŸŒŸğŸŒŸğŸŒŸğŸŒŸğŸŒŸğŸŒŸğŸŒŸğŸŒŸğŸŒŸğŸŒŸğŸŒŸğŸŒŸğŸŒŸğŸŒŸğŸŒŸğŸŒŸğŸŒŸğŸŒŸğŸŒŸğŸŒŸğŸŒŸğŸŒŸğŸŒŸğŸŒŸğŸŒŸğŸŒŸğŸŒŸğŸŒŸğŸŒŸğŸŒŸğŸŒŸğŸŒŸ
2025-11-11 03:35:51,159 - __main__ - INFO - MULTIVERSE ANALYSIS PIPELINE
2025-11-11 03:35:51,159 - __main__ - INFO - ğŸŒŸğŸŒŸğŸŒŸğŸŒŸğŸŒŸğŸŒŸğŸŒŸğŸŒŸğŸŒŸğŸŒŸğŸŒŸğŸŒŸğŸŒŸğŸŒŸğŸŒŸğŸŒŸğŸŒŸğŸŒŸğŸŒŸğŸŒŸğŸŒŸğŸŒŸğŸŒŸğŸŒŸğŸŒŸğŸŒŸğŸŒŸğŸŒŸğŸŒŸğŸŒŸğŸŒŸğŸŒŸğŸŒŸğŸŒŸğŸŒŸğŸŒŸğŸŒŸğŸŒŸğŸŒŸğŸŒŸ
2025-11-11 03:35:51,159 - __main__ - INFO - 
================================================================================
2025-11-11 03:35:51,159 - __main__ - INFO - 1ğŸ—ï¸ STAGE 1: BUILD - Loading and consolidating data
2025-11-11 03:35:51,159 - __main__ - INFO - ================================================================================
2025-11-11 03:35:51,159 - __main__ - INFO - Using processed CSV data...
2025-11-11 03:35:51,163 - __main__ - INFO -   â†’ Loaded 0 rows from data/processed/analysis_panel.csv
2025-11-11 03:35:51,164 - __main__ - INFO - 
  âœ… Build complete: 0 companies loaded
2025-11-11 03:35:51,164 - __main__ - INFO -      Columns: 17
2025-11-11 03:35:51,165 - __main__ - INFO -      Memory: 0.0 MB
2025-11-11 03:35:51,166 - __main__ - INFO - 
================================================================================
2025-11-11 03:35:51,166 - __main__ - INFO - 2ğŸ§  STAGE 2: DEFINE - Engineering core variables
2025-11-11 03:35:51,166 - __main__ - INFO - ================================================================================
2025-11-11 03:35:51,166 - __main__ - INFO -   Applying feature engineering...
2025-11-11 03:35:51,168 - __main__ - INFO -   Preprocessing for hypothesis testing...
2025-11-11 03:35:51,171 - __main__ - INFO - 
  Core Variables Summary:
2025-11-11 03:35:51,171 - __main__ - INFO -     ğŸ¤™V z_vagueness: n=0, mean=nan, std=nan
2025-11-11 03:35:51,171 - __main__ - INFO - 
  âœ… Feature engineering complete: 23 columns
2025-11-11 03:35:51,171 - __main__ - INFO - 
================================================================================
2025-11-11 03:35:51,171 - __main__ - INFO - 3ğŸ“Š STAGE 3: PLOT1 - Visualizing variable distributions
2025-11-11 03:35:51,171 - __main__ - INFO - ================================================================================
2025-11-11 03:35:51,171 - __main__ - INFO -   Creating distribution plots...
2025-11-11 03:35:52,049 - __main__ - INFO - 
  âœ… Distributions plotted: results/test_run/variable_distributions.png
2025-11-11 03:35:52,049 - __main__ - INFO - 
================================================================================
2025-11-11 03:35:52,049 - __main__ - INFO - 4âš–ï¸ STAGE 4: TEST - Testing core hypotheses
2025-11-11 03:35:52,050 - __main__ - INFO - ================================================================================
2025-11-11 03:35:52,050 - __main__ - INFO - 
  Testing HğŸ§§EğŸ¤™V: Early Funding ~ Vagueness
2025-11-11 03:35:52,050 - __main__ - ERROR -     Failed: ['early_funding_musd']
2025-11-11 03:35:52,050 - __main__ - INFO - 
  Testing HğŸ’°LğŸ¤™V: Growth ~ Vagueness
2025-11-11 03:35:52,051 - __main__ - ERROR -     Failed: ['growth', 'is_hardware']
2025-11-11 03:35:52,051 - __main__ - INFO - 
  Testing HğŸ’°LğŸ¤™VğŸ’ªF: Growth ~ Vagueness Ã— Hardware
2025-11-11 03:35:52,051 - __main__ - INFO - 
  âœ… Hypothesis testing complete
2025-11-11 03:35:52,051 - __main__ - INFO -   Results saved to: results/test_run/hypothesis_results.txt
2025-11-11 03:35:52,052 - __main__ - INFO - 
================================================================================
2025-11-11 03:35:52,052 - __main__ - INFO - 5ğŸ“ˆ STAGE 5: PLOT2 - Multiverse analysis visualization
2025-11-11 03:35:52,052 - __main__ - INFO - ================================================================================
2025-11-11 03:35:52,053 - __main__ - INFO -   Loading multiverse results from: multiverse_results/spec_table.csv
2025-11-11 03:35:52,056 - __main__ - INFO -     â†’ Loaded 288 specifications
2025-11-11 03:35:52,057 - __main__ - INFO - 
  Creating expectation vs reality heatmap...
2025-11-11 03:35:52,953 - __main__ - INFO - 
  Creating enhanced specification curve...
2025-11-11 03:35:52,954 - __main__ - INFO - 
  âœ… Multiverse visualizations complete
2025-11-11 03:35:52,954 - __main__ - INFO - 
================================================================================
2025-11-11 03:35:52,955 - __main__ - INFO - âœ… PIPELINE COMPLETE!
2025-11-11 03:35:52,955 - __main__ - INFO - ================================================================================
2025-11-11 03:35:52,955 - __main__ - INFO - 
Results saved to: /home/user/empirics_ent_strat_ops/results/test_run
2025-11-11 03:35:52,955 - __main__ - INFO - 
Generated files:
2025-11-11 03:35:52,956 - __main__ - INFO -   - expectation_reality_heatmap.png
2025-11-11 03:35:52,956 - __main__ - INFO -   - hypothesis_results.txt
2025-11-11 03:35:52,956 - __main__ - INFO -   - variable_distributions.png
2025-11-10 23:01:43,169 - __main__ - INFO - 
ğŸŒŸğŸŒŸğŸŒŸğŸŒŸğŸŒŸğŸŒŸğŸŒŸğŸŒŸğŸŒŸğŸŒŸğŸŒŸğŸŒŸğŸŒŸğŸŒŸğŸŒŸğŸŒŸğŸŒŸğŸŒŸğŸŒŸğŸŒŸğŸŒŸğŸŒŸğŸŒŸğŸŒŸğŸŒŸğŸŒŸğŸŒŸğŸŒŸğŸŒŸğŸŒŸğŸŒŸğŸŒŸğŸŒŸğŸŒŸğŸŒŸğŸŒŸğŸŒŸğŸŒŸğŸŒŸğŸŒŸ
2025-11-10 23:01:43,169 - __main__ - INFO - MULTIVERSE ANALYSIS PIPELINE
2025-11-10 23:01:43,169 - __main__ - INFO - ğŸŒŸğŸŒŸğŸŒŸğŸŒŸğŸŒŸğŸŒŸğŸŒŸğŸŒŸğŸŒŸğŸŒŸğŸŒŸğŸŒŸğŸŒŸğŸŒŸğŸŒŸğŸŒŸğŸŒŸğŸŒŸğŸŒŸğŸŒŸğŸŒŸğŸŒŸğŸŒŸğŸŒŸğŸŒŸğŸŒŸğŸŒŸğŸŒŸğŸŒŸğŸŒŸğŸŒŸğŸŒŸğŸŒŸğŸŒŸğŸŒŸğŸŒŸğŸŒŸğŸŒŸğŸŒŸğŸŒŸ
2025-11-10 23:01:43,170 - __main__ - INFO - 
================================================================================
2025-11-10 23:01:43,170 - __main__ - INFO - 1ğŸ—ï¸ STAGE 1: BUILD - Loading and consolidating data
2025-11-10 23:01:43,170 - __main__ - INFO - ================================================================================
2025-11-10 23:01:43,170 - __main__ - INFO - Loading .dat files...
2025-11-10 23:01:43,170 - modules.features - INFO - Found 9 company snapshots
2025-11-10 23:01:59,944 - modules.features - INFO -   Loaded Company20211201.dat: 420,661 companies
2025-11-10 23:02:16,034 - modules.features - INFO -   Loaded Company20220101.dat: 423,605 companies
2025-11-10 23:02:32,519 - modules.features - INFO -   Loaded Company20220501.dat: 442,099 companies
2025-11-10 23:02:49,928 - modules.features - INFO -   Loaded Company20220601.dat: 446,840 companies
2025-11-10 23:03:10,311 - modules.features - INFO -   Loaded Company20230501.dat: 504,575 companies
2025-11-10 23:03:31,247 - modules.features - INFO -   Loaded Company20231201.dat: 541,699 companies
2025-11-10 23:03:53,178 - modules.features - INFO -   Loaded Company20240601.dat: 574,530 companies
2025-11-10 23:04:32,956 - modules.features - INFO -   Loaded Company20241201.dat: 1,081,891 companies
2025-11-10 23:05:15,120 - modules.features - INFO -   Loaded Company20251101.dat: 1,220,503 companies
2025-11-10 23:05:26,333 - modules.features - INFO - Total snapshots stacked: 5,656,403 rows
2025-11-10 23:05:50,178 - modules.features - INFO - Consolidated 1,255,742 unique companies
2025-11-10 23:05:50,188 - modules.features - INFO - Date range: 2021-12-01 00:00:00 to 2025-11-01 00:00:00
2025-11-10 23:05:55,047 - __main__ - INFO - 
  âœ… Build complete: 1,255,742 companies loaded
2025-11-10 23:05:55,047 - __main__ - INFO -      Columns: 95
2025-11-10 23:06:01,627 - __main__ - INFO -      Memory: 4868.7 MB
2025-11-10 23:06:01,627 - __main__ - INFO - 
================================================================================
2025-11-10 23:06:01,627 - __main__ - INFO - 2ğŸ§  STAGE 2: DEFINE - Engineering core variables
2025-11-10 23:06:01,627 - __main__ - INFO - ================================================================================
2025-11-10 23:06:01,627 - __main__ - INFO -   Applying feature engineering...
2025-11-10 23:07:19,748 - __main__ - INFO -   Preprocessing for hypothesis testing...
2025-11-10 23:07:21,961 - __main__ - INFO - 
  Core Variables Summary:
2025-11-10 23:07:21,969 - __main__ - INFO -     ğŸ§§E early_funding_musd: n=44,768, mean=$0.00M, median=$0.00M
2025-11-10 23:07:21,984 - __main__ - INFO -     ğŸ¤™V z_vagueness: n=1,255,742, mean=0.00, std=1.00
2025-11-10 23:07:21,987 - __main__ - INFO -     ğŸ’ªF is_hardware: n=1,255,742, hardware=10.3%
2025-11-10 23:07:21,987 - __main__ - INFO - 
  âœ… Feature engineering complete: 104 columns
2025-11-10 23:07:22,265 - __main__ - INFO - 
================================================================================
2025-11-10 23:07:22,265 - __main__ - INFO - 3ğŸ“Š STAGE 3: PLOT1 - Visualizing variable distributions
2025-11-10 23:07:22,265 - __main__ - INFO - ================================================================================
2025-11-10 23:07:22,267 - __main__ - INFO -   Creating distribution plots...
2025-11-10 23:07:24,295 - __main__ - INFO - 
  âœ… Distributions plotted: results/variable_distributions.png
2025-11-10 23:07:24,295 - __main__ - INFO - 
================================================================================
2025-11-10 23:07:24,295 - __main__ - INFO - 4âš–ï¸ STAGE 4: TEST - Testing core hypotheses
2025-11-10 23:07:24,295 - __main__ - INFO - ================================================================================
2025-11-10 23:07:24,295 - __main__ - INFO - 
  Testing HğŸ§§EğŸ¤™V: Early Funding ~ Vagueness
2025-11-10 23:07:24,425 - __main__ - ERROR -     Failed: Error evaluating factor: NameError: name 'sector_fe' is not defined
    early_funding_musd ~ z_vagueness + z_employees_log + C(sector_fe) + C(founding_cohort)
                                                         ^^^^^^^^^^^^
2025-11-10 23:07:24,425 - __main__ - INFO - 
  Testing HğŸ’°LğŸ¤™V: Growth ~ Vagueness
2025-11-10 23:07:24,425 - __main__ - ERROR -     Failed: ['growth']
2025-11-10 23:07:24,425 - __main__ - INFO - 
  Testing HğŸ’°LğŸ¤™VğŸ’ªF: Growth ~ Vagueness Ã— Hardware
2025-11-10 23:07:24,425 - __main__ - INFO - 
  âœ… Hypothesis testing complete
2025-11-10 23:07:24,426 - __main__ - INFO -   Results saved to: results/hypothesis_results.txt
2025-11-10 23:07:24,426 - __main__ - INFO - 
================================================================================
2025-11-10 23:07:24,426 - __main__ - INFO - 5ğŸ“ˆ STAGE 5: PLOT2 - Multiverse analysis visualization
2025-11-10 23:07:24,426 - __main__ - INFO - ================================================================================
2025-11-10 23:07:24,427 - __main__ - INFO -   Loading multiverse results from: multiverse_results/spec_table.csv
2025-11-10 23:07:24,481 - __main__ - INFO -     â†’ Loaded 288 specifications
2025-11-10 23:07:24,481 - __main__ - INFO - 
  Creating expectation vs reality heatmap...
2025-11-10 23:07:26,063 - __main__ - INFO - 
  Creating enhanced specification curve...
2025-11-10 23:07:26,073 - __main__ - INFO - 
  âœ… Multiverse visualizations complete
2025-11-10 23:07:26,073 - __main__ - INFO - 
================================================================================
2025-11-10 23:07:26,073 - __main__ - INFO - âœ… PIPELINE COMPLETE!
2025-11-10 23:07:26,073 - __main__ - INFO - ================================================================================
2025-11-10 23:07:26,073 - __main__ - INFO - 
Results saved to: /Users/hyunjimoon/tolzul/Front/On/love(cs)/strategic_ambiguity/empirics/results
2025-11-10 23:07:26,073 - __main__ - INFO - 
Generated files:
2025-11-10 23:07:26,073 - __main__ - INFO -   - W1
2025-11-10 23:07:26,074 - __main__ - INFO -   - W2
2025-11-10 23:07:26,074 - __main__ - INFO -   - expectation_reality_heatmap.png
2025-11-10 23:07:26,074 - __main__ - INFO -   - hypothesis_results.txt
2025-11-10 23:07:26,074 - __main__ - INFO -   - multiverse_h1_heatmap.png
2025-11-10 23:07:26,074 - __main__ - INFO -   - multiverse_h2_option_heatmap.png
2025-11-10 23:07:26,074 - __main__ - INFO -   - multiverse_h2_software_heatmap.png
2025-11-10 23:07:26,074 - __main__ - INFO -   - multiverse_results.nc
2025-11-10 23:07:26,074 - __main__ - INFO -   - spec_curve_h1.png
2025-11-10 23:07:26,074 - __main__ - INFO -   - spec_table.csv
2025-11-10 23:07:26,074 - __main__ - INFO -   - summary_stats.txt
2025-11-10 23:07:26,074 - __main__ - INFO -   - test_run
2025-11-10 23:07:26,074 - __main__ - INFO -   - variable_distributions.png
2025-11-10 23:23:55,633 - __main__ - INFO - 
ğŸ”¬ğŸ”¬ğŸ”¬ğŸ”¬ğŸ”¬ğŸ”¬ğŸ”¬ğŸ”¬ğŸ”¬ğŸ”¬ğŸ”¬ğŸ”¬ğŸ”¬ğŸ”¬ğŸ”¬ğŸ”¬ğŸ”¬ğŸ”¬ğŸ”¬ğŸ”¬ğŸ”¬ğŸ”¬ğŸ”¬ğŸ”¬ğŸ”¬ğŸ”¬ğŸ”¬ğŸ”¬ğŸ”¬ğŸ”¬ğŸ”¬ğŸ”¬ğŸ”¬ğŸ”¬ğŸ”¬ğŸ”¬ğŸ”¬ğŸ”¬ğŸ”¬ğŸ”¬
2025-11-10 23:23:55,634 - __main__ - INFO - QUANTUM DATASET CREATION
2025-11-10 23:23:55,634 - __main__ - INFO - ğŸ”¬ğŸ”¬ğŸ”¬ğŸ”¬ğŸ”¬ğŸ”¬ğŸ”¬ğŸ”¬ğŸ”¬ğŸ”¬ğŸ”¬ğŸ”¬ğŸ”¬ğŸ”¬ğŸ”¬ğŸ”¬ğŸ”¬ğŸ”¬ğŸ”¬ğŸ”¬ğŸ”¬ğŸ”¬ğŸ”¬ğŸ”¬ğŸ”¬ğŸ”¬ğŸ”¬ğŸ”¬ğŸ”¬ğŸ”¬ğŸ”¬ğŸ”¬ğŸ”¬ğŸ”¬ğŸ”¬ğŸ”¬ğŸ”¬ğŸ”¬ğŸ”¬ğŸ”¬
2025-11-10 23:23:55,634 - modules.features - INFO - 
================================================================================
2025-11-10 23:23:55,634 - modules.features - INFO - Creating Quantum Hypothesis Testing Dataset
2025-11-10 23:23:55,634 - modules.features - INFO - ================================================================================
2025-11-10 23:23:55,634 - modules.features - INFO - 
Step 1: Loading company data...
2025-11-10 23:23:55,634 - modules.features - INFO - Found 9 company snapshots
2025-11-10 23:24:11,462 - modules.features - INFO -   Loaded Company20211201.dat: 420,661 companies
2025-11-10 23:24:27,251 - modules.features - INFO -   Loaded Company20220101.dat: 423,605 companies
2025-11-10 23:24:40,879 - modules.features - INFO -   Loaded Company20220501.dat: 442,099 companies
2025-11-10 23:24:53,748 - modules.features - INFO -   Loaded Company20220601.dat: 446,840 companies
2025-11-10 23:25:10,469 - modules.features - INFO -   Loaded Company20230501.dat: 504,575 companies
2025-11-10 23:25:26,516 - modules.features - INFO -   Loaded Company20231201.dat: 541,699 companies
2025-11-10 23:25:44,583 - modules.features - INFO -   Loaded Company20240601.dat: 574,530 companies
2025-11-10 23:26:17,810 - modules.features - INFO -   Loaded Company20241201.dat: 1,081,891 companies
2025-11-10 23:26:59,614 - modules.features - INFO -   Loaded Company20251101.dat: 1,220,503 companies
2025-11-10 23:27:10,280 - modules.features - INFO - Total snapshots stacked: 5,656,403 rows
2025-11-10 23:27:36,703 - modules.features - INFO - Consolidated 1,255,742 unique companies
2025-11-10 23:27:36,721 - modules.features - INFO - Date range: 2021-12-01 00:00:00 to 2025-11-01 00:00:00
2025-11-10 23:27:36,723 - __main__ - ERROR - 
âŒ Quantum dataset creation failed: Missing optional dependency 'pyarrow'. pyarrow is required for parquet support. Use pip or conda to install pyarrow.
Traceback (most recent call last):
  File "/Users/hyunjimoon/Library/Python/3.9/lib/python/site-packages/pandas/compat/_optional.py", line 142, in import_optional_dependency
    module = importlib.import_module(name)
  File "/Applications/Xcode.app/Contents/Developer/Library/Frameworks/Python3.framework/Versions/3.9/lib/python3.9/importlib/__init__.py", line 127, in import_module
    return _bootstrap._gcd_import(name[level:], package, level)
  File "<frozen importlib._bootstrap>", line 1030, in _gcd_import
  File "<frozen importlib._bootstrap>", line 1007, in _find_and_load
  File "<frozen importlib._bootstrap>", line 984, in _find_and_load_unlocked
ModuleNotFoundError: No module named 'pyarrow'

During handling of the above exception, another exception occurred:

Traceback (most recent call last):
  File "/Users/hyunjimoon/tolzul/Front/On/love(cs)/strategic_ambiguity/empirics/main.py", line 342, in create_quantum_dataset_cli
    df_quantum = features.create_quantum_dataset(data_dir, output_path)
  File "/Users/hyunjimoon/tolzul/Front/On/love(cs)/strategic_ambiguity/empirics/modules/features.py", line 347, in create_quantum_dataset
    df_all = consolidate_company_snapshots(data_dir, use_cache=True, save_parquet=True)
  File "/Users/hyunjimoon/tolzul/Front/On/love(cs)/strategic_ambiguity/empirics/modules/features.py", line 138, in consolidate_company_snapshots
    df_latest.to_parquet(cache_path, index=False, engine='pyarrow')
  File "/Users/hyunjimoon/Library/Python/3.9/lib/python/site-packages/pandas/core/frame.py", line 2889, in to_parquet
    return to_parquet(
  File "/Users/hyunjimoon/Library/Python/3.9/lib/python/site-packages/pandas/io/parquet.py", line 407, in to_parquet
    impl = get_engine(engine)
  File "/Users/hyunjimoon/Library/Python/3.9/lib/python/site-packages/pandas/io/parquet.py", line 71, in get_engine
    return PyArrowImpl()
  File "/Users/hyunjimoon/Library/Python/3.9/lib/python/site-packages/pandas/io/parquet.py", line 133, in __init__
    import_optional_dependency(
  File "/Users/hyunjimoon/Library/Python/3.9/lib/python/site-packages/pandas/compat/_optional.py", line 145, in import_optional_dependency
    raise ImportError(msg)
ImportError: Missing optional dependency 'pyarrow'. pyarrow is required for parquet support. Use pip or conda to install pyarrow.
2025-11-10 23:36:16,602 - __main__ - INFO - 
ğŸŒŸğŸŒŸğŸŒŸğŸŒŸğŸŒŸğŸŒŸğŸŒŸğŸŒŸğŸŒŸğŸŒŸğŸŒŸğŸŒŸğŸŒŸğŸŒŸğŸŒŸğŸŒŸğŸŒŸğŸŒŸğŸŒŸğŸŒŸğŸŒŸğŸŒŸğŸŒŸğŸŒŸğŸŒŸğŸŒŸğŸŒŸğŸŒŸğŸŒŸğŸŒŸğŸŒŸğŸŒŸğŸŒŸğŸŒŸğŸŒŸğŸŒŸğŸŒŸğŸŒŸğŸŒŸğŸŒŸ
2025-11-10 23:36:16,602 - __main__ - INFO - MULTIVERSE ANALYSIS PIPELINE
2025-11-10 23:36:16,602 - __main__ - INFO - ğŸŒŸğŸŒŸğŸŒŸğŸŒŸğŸŒŸğŸŒŸğŸŒŸğŸŒŸğŸŒŸğŸŒŸğŸŒŸğŸŒŸğŸŒŸğŸŒŸğŸŒŸğŸŒŸğŸŒŸğŸŒŸğŸŒŸğŸŒŸğŸŒŸğŸŒŸğŸŒŸğŸŒŸğŸŒŸğŸŒŸğŸŒŸğŸŒŸğŸŒŸğŸŒŸğŸŒŸğŸŒŸğŸŒŸğŸŒŸğŸŒŸğŸŒŸğŸŒŸğŸŒŸğŸŒŸğŸŒŸ
2025-11-10 23:36:16,602 - __main__ - INFO - 
================================================================================
2025-11-10 23:36:16,602 - __main__ - INFO - 1ğŸ—ï¸ STAGE 1: BUILD - Loading and consolidating data
2025-11-10 23:36:16,602 - __main__ - INFO - ================================================================================
2025-11-10 23:36:16,602 - __main__ - INFO - Loading .dat files for years: [2022, 2024, 2025] (selective loading)...
2025-11-10 23:36:16,602 - modules.features - INFO - Filtering for years: [2022, 2024, 2025]
2025-11-10 23:36:16,602 - modules.features - INFO - Selected 6/9 files matching years [2022, 2024, 2025]
2025-11-10 23:36:16,602 - modules.features - INFO - Found 6 company snapshots
2025-11-10 23:36:32,318 - modules.features - INFO -   Loaded Company20220101.dat: 423,605 companies
2025-11-10 23:36:50,004 - modules.features - INFO -   Loaded Company20220501.dat: 442,099 companies
2025-11-10 23:37:07,209 - modules.features - INFO -   Loaded Company20220601.dat: 446,840 companies
2025-11-10 23:37:28,805 - modules.features - INFO -   Loaded Company20240601.dat: 574,530 companies
2025-11-10 23:38:03,879 - modules.features - INFO -   Loaded Company20241201.dat: 1,081,891 companies
2025-11-10 23:38:43,742 - modules.features - INFO -   Loaded Company20251101.dat: 1,220,503 companies
2025-11-10 23:38:49,666 - modules.features - INFO - Total snapshots stacked: 4,189,468 rows
2025-11-10 23:39:06,022 - modules.features - INFO - Consolidated 1,247,024 unique companies
2025-11-10 23:39:06,030 - modules.features - INFO - Date range: 2022-01-01 00:00:00 to 2025-11-01 00:00:00
2025-11-10 23:39:06,032 - __main__ - ERROR - 
âŒ Pipeline failed: Missing optional dependency 'pyarrow'. pyarrow is required for parquet support. Use pip or conda to install pyarrow.
Traceback (most recent call last):
  File "/Users/hyunjimoon/Library/Python/3.9/lib/python/site-packages/pandas/compat/_optional.py", line 142, in import_optional_dependency
    module = importlib.import_module(name)
  File "/Applications/Xcode.app/Contents/Developer/Library/Frameworks/Python3.framework/Versions/3.9/lib/python3.9/importlib/__init__.py", line 127, in import_module
    return _bootstrap._gcd_import(name[level:], package, level)
  File "<frozen importlib._bootstrap>", line 1030, in _gcd_import
  File "<frozen importlib._bootstrap>", line 1007, in _find_and_load
  File "<frozen importlib._bootstrap>", line 984, in _find_and_load_unlocked
ModuleNotFoundError: No module named 'pyarrow'

During handling of the above exception, another exception occurred:

Traceback (most recent call last):
  File "/Users/hyunjimoon/tolzul/Front/On/love(cs)/strategic_ambiguity/empirics/main.py", line 399, in main
    df = stage_1_build(data_dir, use_processed=skip_dat, use_cache=True, years=years)
  File "/Users/hyunjimoon/tolzul/Front/On/love(cs)/strategic_ambiguity/empirics/main.py", line 80, in stage_1_build
    df = features.consolidate_company_snapshots(
  File "/Users/hyunjimoon/tolzul/Front/On/love(cs)/strategic_ambiguity/empirics/modules/features.py", line 168, in consolidate_company_snapshots
    df_latest.to_parquet(cache_path, index=False, engine='pyarrow')
  File "/Users/hyunjimoon/Library/Python/3.9/lib/python/site-packages/pandas/core/frame.py", line 2889, in to_parquet
    return to_parquet(
  File "/Users/hyunjimoon/Library/Python/3.9/lib/python/site-packages/pandas/io/parquet.py", line 407, in to_parquet
    impl = get_engine(engine)
  File "/Users/hyunjimoon/Library/Python/3.9/lib/python/site-packages/pandas/io/parquet.py", line 71, in get_engine
    return PyArrowImpl()
  File "/Users/hyunjimoon/Library/Python/3.9/lib/python/site-packages/pandas/io/parquet.py", line 133, in __init__
    import_optional_dependency(
  File "/Users/hyunjimoon/Library/Python/3.9/lib/python/site-packages/pandas/compat/_optional.py", line 145, in import_optional_dependency
    raise ImportError(msg)
ImportError: Missing optional dependency 'pyarrow'. pyarrow is required for parquet support. Use pip or conda to install pyarrow.
2025-11-10 23:58:08,648 - __main__ - INFO - 
ğŸŒŸğŸŒŸğŸŒŸğŸŒŸğŸŒŸğŸŒŸğŸŒŸğŸŒŸğŸŒŸğŸŒŸğŸŒŸğŸŒŸğŸŒŸğŸŒŸğŸŒŸğŸŒŸğŸŒŸğŸŒŸğŸŒŸğŸŒŸğŸŒŸğŸŒŸğŸŒŸğŸŒŸğŸŒŸğŸŒŸğŸŒŸğŸŒŸğŸŒŸğŸŒŸğŸŒŸğŸŒŸğŸŒŸğŸŒŸğŸŒŸğŸŒŸğŸŒŸğŸŒŸğŸŒŸğŸŒŸ
2025-11-10 23:58:08,648 - __main__ - INFO - MULTIVERSE ANALYSIS PIPELINE
2025-11-10 23:58:08,648 - __main__ - INFO - ğŸŒŸğŸŒŸğŸŒŸğŸŒŸğŸŒŸğŸŒŸğŸŒŸğŸŒŸğŸŒŸğŸŒŸğŸŒŸğŸŒŸğŸŒŸğŸŒŸğŸŒŸğŸŒŸğŸŒŸğŸŒŸğŸŒŸğŸŒŸğŸŒŸğŸŒŸğŸŒŸğŸŒŸğŸŒŸğŸŒŸğŸŒŸğŸŒŸğŸŒŸğŸŒŸğŸŒŸğŸŒŸğŸŒŸğŸŒŸğŸŒŸğŸŒŸğŸŒŸğŸŒŸğŸŒŸğŸŒŸ
2025-11-10 23:58:08,648 - __main__ - INFO - 
================================================================================
2025-11-10 23:58:08,649 - __main__ - INFO - 1ğŸ—ï¸ STAGE 1: BUILD - Loading and consolidating data
2025-11-10 23:58:08,649 - __main__ - INFO - ================================================================================
2025-11-10 23:58:08,649 - __main__ - INFO - Loading .dat files for years: [2022, 2024, 2025] (selective loading)...
2025-11-10 23:58:08,649 - modules.features - INFO - Filtering for years: [2022, 2024, 2025]
2025-11-10 23:58:08,649 - modules.features - INFO - Selected 6/9 files matching years [2022, 2024, 2025]
2025-11-10 23:58:08,649 - modules.features - INFO - Found 6 company snapshots
2025-11-10 23:58:24,066 - modules.features - INFO -   Loaded Company20220101.dat: 423,605 companies
2025-11-10 23:58:38,817 - modules.features - INFO -   Loaded Company20220501.dat: 442,099 companies
2025-11-10 23:58:56,116 - modules.features - INFO -   Loaded Company20220601.dat: 446,840 companies
2025-11-10 23:59:17,340 - modules.features - INFO -   Loaded Company20240601.dat: 574,530 companies
2025-11-10 23:59:57,194 - modules.features - INFO -   Loaded Company20241201.dat: 1,081,891 companies
2025-11-11 00:00:42,505 - modules.features - INFO -   Loaded Company20251101.dat: 1,220,503 companies
2025-11-11 00:00:49,371 - modules.features - INFO - Total snapshots stacked: 4,189,468 rows
2025-11-11 00:01:03,390 - modules.features - INFO - Consolidated 1,247,024 unique companies
2025-11-11 00:01:03,396 - modules.features - INFO - Date range: 2022-01-01 00:00:00 to 2025-11-01 00:00:00
2025-11-11 00:01:03,397 - __main__ - ERROR - 
âŒ Pipeline failed: Missing optional dependency 'pyarrow'. pyarrow is required for parquet support. Use pip or conda to install pyarrow.
Traceback (most recent call last):
  File "/Users/hyunjimoon/Library/Python/3.9/lib/python/site-packages/pandas/compat/_optional.py", line 142, in import_optional_dependency
    module = importlib.import_module(name)
  File "/Applications/Xcode.app/Contents/Developer/Library/Frameworks/Python3.framework/Versions/3.9/lib/python3.9/importlib/__init__.py", line 127, in import_module
    return _bootstrap._gcd_import(name[level:], package, level)
  File "<frozen importlib._bootstrap>", line 1030, in _gcd_import
  File "<frozen importlib._bootstrap>", line 1007, in _find_and_load
  File "<frozen importlib._bootstrap>", line 984, in _find_and_load_unlocked
ModuleNotFoundError: No module named 'pyarrow'

During handling of the above exception, another exception occurred:

Traceback (most recent call last):
  File "/Users/hyunjimoon/tolzul/Front/On/love(cs)/strategic_ambiguity/empirics/main.py", line 399, in main
    df = stage_1_build(data_dir, use_processed=skip_dat, use_cache=True, years=years)
  File "/Users/hyunjimoon/tolzul/Front/On/love(cs)/strategic_ambiguity/empirics/main.py", line 80, in stage_1_build
    df = features.consolidate_company_snapshots(
  File "/Users/hyunjimoon/tolzul/Front/On/love(cs)/strategic_ambiguity/empirics/modules/features.py", line 168, in consolidate_company_snapshots
    df_latest.to_parquet(cache_path, index=False, engine='pyarrow')
  File "/Users/hyunjimoon/Library/Python/3.9/lib/python/site-packages/pandas/core/frame.py", line 2889, in to_parquet
    return to_parquet(
  File "/Users/hyunjimoon/Library/Python/3.9/lib/python/site-packages/pandas/io/parquet.py", line 407, in to_parquet
    impl = get_engine(engine)
  File "/Users/hyunjimoon/Library/Python/3.9/lib/python/site-packages/pandas/io/parquet.py", line 71, in get_engine
    return PyArrowImpl()
  File "/Users/hyunjimoon/Library/Python/3.9/lib/python/site-packages/pandas/io/parquet.py", line 133, in __init__
    import_optional_dependency(
  File "/Users/hyunjimoon/Library/Python/3.9/lib/python/site-packages/pandas/compat/_optional.py", line 145, in import_optional_dependency
    raise ImportError(msg)
ImportError: Missing optional dependency 'pyarrow'. pyarrow is required for parquet support. Use pip or conda to install pyarrow.
2025-11-11 03:49:36,805 - __main__ - INFO - 
ğŸŒŸğŸŒŸğŸŒŸğŸŒŸğŸŒŸğŸŒŸğŸŒŸğŸŒŸğŸŒŸğŸŒŸğŸŒŸğŸŒŸğŸŒŸğŸŒŸğŸŒŸğŸŒŸğŸŒŸğŸŒŸğŸŒŸğŸŒŸğŸŒŸğŸŒŸğŸŒŸğŸŒŸğŸŒŸğŸŒŸğŸŒŸğŸŒŸğŸŒŸğŸŒŸğŸŒŸğŸŒŸğŸŒŸğŸŒŸğŸŒŸğŸŒŸğŸŒŸğŸŒŸğŸŒŸğŸŒŸ
2025-11-11 03:49:36,805 - __main__ - INFO - MULTIVERSE ANALYSIS PIPELINE
2025-11-11 03:49:36,806 - __main__ - INFO - ğŸŒŸğŸŒŸğŸŒŸğŸŒŸğŸŒŸğŸŒŸğŸŒŸğŸŒŸğŸŒŸğŸŒŸğŸŒŸğŸŒŸğŸŒŸğŸŒŸğŸŒŸğŸŒŸğŸŒŸğŸŒŸğŸŒŸğŸŒŸğŸŒŸğŸŒŸğŸŒŸğŸŒŸğŸŒŸğŸŒŸğŸŒŸğŸŒŸğŸŒŸğŸŒŸğŸŒŸğŸŒŸğŸŒŸğŸŒŸğŸŒŸğŸŒŸğŸŒŸğŸŒŸğŸŒŸğŸŒŸ
2025-11-11 03:49:36,806 - __main__ - INFO - 
================================================================================
2025-11-11 03:49:36,806 - __main__ - INFO - 1ğŸ—ï¸ STAGE 1: BUILD - Loading and consolidating data
2025-11-11 03:49:36,806 - __main__ - INFO - ================================================================================
2025-11-11 03:49:36,806 - __main__ - INFO - Loading .dat files for years: [2022, 2024, 2025] (selective loading)...
2025-11-11 03:49:36,806 - modules.features - INFO - Filtering for years: [2022, 2024, 2025]
2025-11-11 03:49:36,806 - modules.features - INFO - Selected 6/9 files matching years [2022, 2024, 2025]
2025-11-11 03:49:36,806 - modules.features - INFO - Found 6 company snapshots
2025-11-11 03:49:53,591 - modules.features - INFO -   Loaded Company20220101.dat: 423,605 companies
2025-11-11 03:50:10,689 - modules.features - INFO -   Loaded Company20220501.dat: 442,099 companies
2025-11-11 03:50:28,376 - modules.features - INFO -   Loaded Company20220601.dat: 446,840 companies
2025-11-11 03:50:50,634 - modules.features - INFO -   Loaded Company20240601.dat: 574,530 companies
2025-11-11 03:51:28,985 - modules.features - INFO -   Loaded Company20241201.dat: 1,081,891 companies
2025-11-11 03:52:14,068 - modules.features - INFO -   Loaded Company20251101.dat: 1,220,503 companies
2025-11-11 03:52:18,889 - modules.features - INFO - Total snapshots stacked: 4,189,468 rows
2025-11-11 03:52:33,509 - modules.features - INFO - Consolidated 1,247,024 unique companies
2025-11-11 03:52:33,519 - modules.features - INFO - Date range: 2022-01-01 00:00:00 to 2025-11-01 00:00:00
2025-11-11 03:52:42,812 - modules.features - INFO - âœ“ Saved cache to data/processed/consolidated_companies_2022_2024_2025.parquet for future fast loading
2025-11-11 03:52:42,812 - modules.features - INFO -   Parquet size: 518.9 MB
2025-11-11 03:52:47,500 - __main__ - INFO - 
  âœ… Build complete: 1,247,024 companies loaded
2025-11-11 03:52:47,500 - __main__ - INFO -      Columns: 95
2025-11-11 03:52:57,057 - __main__ - INFO -      Memory: 4853.2 MB
2025-11-11 03:52:57,057 - __main__ - INFO - 
================================================================================
2025-11-11 03:52:57,057 - __main__ - INFO - 2ğŸ§  STAGE 2: DEFINE - Engineering core variables
2025-11-11 03:52:57,057 - __main__ - INFO - ================================================================================
2025-11-11 03:52:57,057 - __main__ - INFO -   Applying feature engineering...
2025-11-11 03:54:13,927 - __main__ - INFO -   Preprocessing for hypothesis testing...
2025-11-11 03:54:15,441 - __main__ - INFO - 
  Core Variables Summary:
2025-11-11 03:54:15,451 - __main__ - INFO -     ğŸ§§E early_funding_musd: n=44,728, mean=$0.00M, median=$0.00M
2025-11-11 03:54:15,464 - __main__ - INFO -     ğŸ¤™V z_vagueness: n=1,247,024, mean=-0.00, std=1.00
2025-11-11 03:54:15,466 - __main__ - INFO -     ğŸ’ªF is_hardware: n=1,247,024, hardware=10.3%
2025-11-11 03:54:15,466 - __main__ - INFO - 
  âœ… Feature engineering complete: 104 columns
2025-11-11 03:54:15,803 - __main__ - INFO - 
================================================================================
2025-11-11 03:54:15,803 - __main__ - INFO - 3ğŸ“Š STAGE 3: PLOT1 - Visualizing variable distributions
2025-11-11 03:54:15,803 - __main__ - INFO - ================================================================================
2025-11-11 03:54:15,804 - __main__ - INFO -   Creating distribution plots...
2025-11-11 03:54:16,885 - __main__ - INFO - 
  âœ… Distributions plotted: results/variable_distributions.png
2025-11-11 03:54:16,885 - __main__ - INFO - 
================================================================================
2025-11-11 03:54:16,885 - __main__ - INFO - 4âš–ï¸ STAGE 4: TEST - Testing core hypotheses
2025-11-11 03:54:16,885 - __main__ - INFO - ================================================================================
2025-11-11 03:54:16,885 - __main__ - INFO - 
  Testing HğŸ§§EğŸ¤™V: Early Funding ~ Vagueness
2025-11-11 03:54:17,037 - __main__ - ERROR -     Failed: Error evaluating factor: NameError: name 'sector_fe' is not defined
    early_funding_musd ~ z_vagueness + z_employees_log + C(sector_fe) + C(founding_cohort)
                                                         ^^^^^^^^^^^^
2025-11-11 03:54:17,037 - __main__ - INFO - 
  Testing HğŸ’°LğŸ¤™V: Growth ~ Vagueness
2025-11-11 03:54:17,038 - __main__ - ERROR -     Failed: ['growth']
2025-11-11 03:54:17,038 - __main__ - INFO - 
  Testing HğŸ’°LğŸ¤™VğŸ’ªF: Growth ~ Vagueness Ã— Hardware
2025-11-11 03:54:17,038 - __main__ - INFO - 
  âœ… Hypothesis testing complete
2025-11-11 03:54:17,039 - __main__ - INFO -   Results saved to: results/hypothesis_results.txt
2025-11-11 03:54:17,039 - __main__ - INFO - 
================================================================================
2025-11-11 03:54:17,039 - __main__ - INFO - 5ğŸ“ˆ STAGE 5: PLOT2 - Multiverse analysis visualization
2025-11-11 03:54:17,039 - __main__ - INFO - ================================================================================
2025-11-11 03:54:17,039 - __main__ - INFO -   Loading multiverse results from: multiverse_results/spec_table.csv
2025-11-11 03:54:17,042 - __main__ - INFO -     â†’ Loaded 288 specifications
2025-11-11 03:54:17,042 - __main__ - INFO - 
  Creating expectation vs reality heatmap...
2025-11-11 03:54:17,590 - __main__ - INFO - 
  Creating enhanced specification curve...
2025-11-11 03:54:17,599 - __main__ - INFO - 
  âœ… Multiverse visualizations complete
2025-11-11 03:54:17,599 - __main__ - INFO - 
================================================================================
2025-11-11 03:54:17,599 - __main__ - INFO - âœ… PIPELINE COMPLETE!
2025-11-11 03:54:17,599 - __main__ - INFO - ================================================================================
2025-11-11 03:54:17,599 - __main__ - INFO - 
Results saved to: /Users/hyunjimoon/tolzul/Front/On/love(cs)/strategic_ambiguity/empirics/results
2025-11-11 03:54:17,599 - __main__ - INFO - 
Generated files:
2025-11-11 03:54:17,599 - __main__ - INFO -   - W1
2025-11-11 03:54:17,600 - __main__ - INFO -   - W2
2025-11-11 03:54:17,600 - __main__ - INFO -   - expectation_reality_heatmap.png
2025-11-11 03:54:17,600 - __main__ - INFO -   - hypothesis_results.txt
2025-11-11 03:54:17,600 - __main__ - INFO -   - multiverse_h1_heatmap.png
2025-11-11 03:54:17,600 - __main__ - INFO -   - multiverse_h2_option_heatmap.png
2025-11-11 03:54:17,600 - __main__ - INFO -   - multiverse_h2_software_heatmap.png
2025-11-11 03:54:17,600 - __main__ - INFO -   - multiverse_results.nc
2025-11-11 03:54:17,600 - __main__ - INFO -   - spec_curve_h1.png
2025-11-11 03:54:17,600 - __main__ - INFO -   - spec_table.csv
2025-11-11 03:54:17,600 - __main__ - INFO -   - summary_stats.txt
2025-11-11 03:54:17,600 - __main__ - INFO -   - test_run
2025-11-11 03:54:17,600 - __main__ - INFO -   - variable_distributions.png
